app/build/intermediates/manifest_merge_blame_file/debug/processDebugMainManifest/manifest-merger-blame-debug-report.txt
1<?xml version="1.0" encoding="utf-8"?>
2<manifest xmlns:android="http://schemas.android.com/apk/res/android"
3    package="com.linkguard.app"
4    android:versionCode="1"
5    android:versionName="1.0" >
6
7    <uses-sdk
8        android:minSdkVersion="26"
9        android:targetSdkVersion="35" />
10
11    <!-- Required permissions -->
12    <uses-permission android:name="android.permission.INTERNET" />
12-->src\main\AndroidManifest.xml:5:5-67
12-->src\main\AndroidManifest.xml:5:22-64
13    <uses-permission android:name="android.permission.POST_NOTIFICATIONS" />
13-->src\main\AndroidManifest.xml:6:5-77
13-->src\main\AndroidManifest.xml:6:22-74
14    <uses-permission android:name="android.permission.SYSTEM_ALERT_WINDOW" />
14-->src\main\AndroidManifest.xml:7:5-78
14-->src\main\AndroidManifest.xml:7:22-75
15    <uses-permission android:name="android.permission.RECEIVE_BOOT_COMPLETED" />
15-->src\main\AndroidManifest.xml:8:5-81
15-->src\main\AndroidManifest.xml:8:22-78
16    <uses-permission android:name="android.permission.FOREGROUND_SERVICE" />
16-->src\main\AndroidManifest.xml:9:5-77
16-->src\main\AndroidManifest.xml:9:22-74
17    <uses-permission android:name="android.permission.FOREGROUND_SERVICE_SPECIAL_USE" />
17-->src\main\AndroidManifest.xml:10:5-89
17-->src\main\AndroidManifest.xml:10:22-86
18    <uses-permission android:name="android.permission.REQUEST_IGNORE_BATTERY_OPTIMIZATIONS" />
18-->src\main\AndroidManifest.xml:11:5-95
18-->src\main\AndroidManifest.xml:11:22-92
19    <uses-permission android:name="android.permission.QUERY_ALL_PACKAGES" />
19-->src\main\AndroidManifest.xml:12:5-14:58
19-->src\main\AndroidManifest.xml:12:22-74
20    <uses-permission android:name="android.permission.WAKE_LOCK" />
20-->[androidx.work:work-runtime:2.9.1] AndroidManifest.xml:23:5-68
20-->[androidx.work:work-runtime:2.9.1] AndroidManifest.xml:23:22-65
21    <uses-permission android:name="android.permission.ACCESS_NETWORK_STATE" />
21-->[androidx.work:work-runtime:2.9.1] AndroidManifest.xml:24:5-79
21-->[androidx.work:work-runtime:2.9.1] AndroidManifest.xml:24:22-76
22
23    <permission
23-->[androidx.core:core:1.13.1] AndroidManifest.xml:22:5-24:47
24        android:name="com.linkguard.app.DYNAMIC_RECEIVER_NOT_EXPORTED_PERMISSION"
24-->[androidx.core:core:1.13.1] AndroidManifest.xml:23:9-81
25        android:protectionLevel="signature" />
25-->[androidx.core:core:1.13.1] AndroidManifest.xml:24:9-44
26
27    <uses-permission android:name="com.linkguard.app.DYNAMIC_RECEIVER_NOT_EXPORTED_PERMISSION" />
27-->[androidx.core:core:1.13.1] AndroidManifest.xml:26:5-97
27-->[androidx.core:core:1.13.1] AndroidManifest.xml:26:22-94
28
29    <application
29-->src\main\AndroidManifest.xml:16:5-113:19
30        android:name="com.linkguard.app.LinkGuardApplication"
30-->src\main\AndroidManifest.xml:17:9-45
31        android:allowBackup="true"
31-->src\main\AndroidManifest.xml:18:9-35
32        android:appComponentFactory="androidx.core.app.CoreComponentFactory"
32-->[androidx.core:core:1.13.1] AndroidManifest.xml:28:18-86
33        android:debuggable="true"
34        android:extractNativeLibs="false"
35        android:icon="@mipmap/ic_launcher"
35-->src\main\AndroidManifest.xml:19:9-43
36        android:label="@string/app_name"
36-->src\main\AndroidManifest.xml:20:9-41
37        android:localeConfig="@xml/locales_config"
37-->src\main\AndroidManifest.xml:24:9-51
38        android:roundIcon="@mipmap/ic_launcher_round"
38-->src\main\AndroidManifest.xml:21:9-54
39        android:supportsRtl="true"
39-->src\main\AndroidManifest.xml:22:9-35
40        android:testOnly="true"
41        android:theme="@style/Theme.LinkGuard" >
41-->src\main\AndroidManifest.xml:23:9-47
42
43        <!-- Main entry point -->
44        <activity
44-->src\main\AndroidManifest.xml:27:9-35:20
45            android:name="com.linkguard.app.ui.MainActivity"
45-->src\main\AndroidManifest.xml:28:13-44
46            android:exported="true"
46-->src\main\AndroidManifest.xml:29:13-36
47            android:windowSoftInputMode="adjustResize" >
47-->src\main\AndroidManifest.xml:30:13-55
48            <intent-filter>
48-->src\main\AndroidManifest.xml:31:13-34:29
49                <action android:name="android.intent.action.MAIN" />
49-->src\main\AndroidManifest.xml:32:17-69
49-->src\main\AndroidManifest.xml:32:25-66
50
51                <category android:name="android.intent.category.LAUNCHER" />
51-->src\main\AndroidManifest.xml:33:17-77
51-->src\main\AndroidManifest.xml:33:27-74
52            </intent-filter>
53        </activity>
54
55        <!-- Onboarding flow (shown once on first launch) -->
56        <activity
56-->src\main\AndroidManifest.xml:38:9-40:40
57            android:name="com.linkguard.app.ui.OnboardingActivity"
57-->src\main\AndroidManifest.xml:39:13-50
58            android:exported="false" />
58-->src\main\AndroidManifest.xml:40:13-37
59
60        <!-- App selector screen -->
61        <activity
61-->src\main\AndroidManifest.xml:43:9-46:58
62            android:name="com.linkguard.app.ui.AppSelectorActivity"
62-->src\main\AndroidManifest.xml:44:13-51
63            android:exported="false"
63-->src\main\AndroidManifest.xml:45:13-37
64            android:label="@string/title_app_selector" />
64-->src\main\AndroidManifest.xml:46:13-55
65
66        <!-- Scan history log -->
67        <activity
67-->src\main\AndroidManifest.xml:49:9-52:53
68            android:name="com.linkguard.app.ui.HistoryActivity"
68-->src\main\AndroidManifest.xml:50:13-47
69            android:exported="false"
69-->src\main\AndroidManifest.xml:51:13-37
70            android:label="@string/title_history" />
70-->src\main\AndroidManifest.xml:52:13-50
71
72        <!-- Settings screen -->
73        <activity
73-->src\main\AndroidManifest.xml:55:9-58:54
74            android:name="com.linkguard.app.ui.SettingsActivity"
74-->src\main\AndroidManifest.xml:56:13-48
75            android:exported="false"
75-->src\main\AndroidManifest.xml:57:13-37
76            android:label="@string/title_settings" />
76-->src\main\AndroidManifest.xml:58:13-51
77
78        <!-- Whitelist manager -->
79        <activity
79-->src\main\AndroidManifest.xml:61:9-64:55
80            android:name="com.linkguard.app.ui.WhitelistActivity"
80-->src\main\AndroidManifest.xml:62:13-49
81            android:exported="false"
81-->src\main\AndroidManifest.xml:63:13-37
82            android:label="@string/title_whitelist" />
82-->src\main\AndroidManifest.xml:64:13-52
83
84        <!-- Notification Listener Service — core of the app -->
85        <service
85-->src\main\AndroidManifest.xml:67:9-78:19
86            android:name="com.linkguard.app.service.LinkGuardNotificationService"
86-->src\main\AndroidManifest.xml:68:13-65
87            android:exported="true"
87-->src\main\AndroidManifest.xml:69:13-36
88            android:label="@string/service_label"
88-->src\main\AndroidManifest.xml:70:13-50
89            android:permission="android.permission.BIND_NOTIFICATION_LISTENER_SERVICE" >
89-->src\main\AndroidManifest.xml:71:13-87
90            <intent-filter>
90-->src\main\AndroidManifest.xml:72:13-74:29
91                <action android:name="android.service.notification.NotificationListenerService" />
91-->src\main\AndroidManifest.xml:73:17-99
91-->src\main\AndroidManifest.xml:73:25-96
92            </intent-filter>
93
94            <meta-data
94-->src\main\AndroidManifest.xml:75:13-77:58
95                android:name="android.service.notification.default_filter_types"
95-->src\main\AndroidManifest.xml:76:17-81
96                android:value="conversations|alerting" />
96-->src\main\AndroidManifest.xml:77:17-55
97        </service>
98
99        <!-- Foreground service — keeps the process alive when app is closed -->
100        <service
100-->src\main\AndroidManifest.xml:81:9-88:19
101            android:name="com.linkguard.app.service.KeepAliveService"
101-->src\main\AndroidManifest.xml:82:13-53
102            android:exported="false"
102-->src\main\AndroidManifest.xml:84:13-37
103            android:foregroundServiceType="specialUse" >
103-->src\main\AndroidManifest.xml:83:13-55
104            <property
104-->src\main\AndroidManifest.xml:85:13-87:60
105                android:name="android.app.PROPERTY_SPECIAL_USE_FGS_SUBTYPE"
105-->src\main\AndroidManifest.xml:86:17-76
106                android:value="notification-url-scanner" />
106-->src\main\AndroidManifest.xml:87:17-57
107        </service>
108
109        <!-- Accessibility service — scans links when user opens a monitored app -->
110        <service
110-->src\main\AndroidManifest.xml:91:9-102:19
111            android:name="com.linkguard.app.service.LinkGuardAccessibilityService"
111-->src\main\AndroidManifest.xml:92:13-66
112            android:exported="true"
112-->src\main\AndroidManifest.xml:94:13-36
113            android:label="@string/accessibility_service_label"
113-->src\main\AndroidManifest.xml:95:13-64
114            android:permission="android.permission.BIND_ACCESSIBILITY_SERVICE" >
114-->src\main\AndroidManifest.xml:93:13-79
115            <intent-filter>
115-->src\main\AndroidManifest.xml:96:13-98:29
116                <action android:name="android.accessibilityservice.AccessibilityService" />
116-->src\main\AndroidManifest.xml:97:17-92
116-->src\main\AndroidManifest.xml:97:25-89
117            </intent-filter>
118
119            <meta-data
119-->src\main\AndroidManifest.xml:99:13-101:72
120                android:name="android.accessibilityservice"
120-->src\main\AndroidManifest.xml:100:17-60
121                android:resource="@xml/accessibility_service_config" />
121-->src\main\AndroidManifest.xml:101:17-69
122        </service>
123
124        <!-- Boot receiver — restart service after reboot -->
125        <receiver
125-->src\main\AndroidManifest.xml:105:9-111:20
126            android:name="com.linkguard.app.receiver.BootReceiver"
126-->src\main\AndroidManifest.xml:106:13-50
127            android:exported="true" >
127-->src\main\AndroidManifest.xml:107:13-36
128            <intent-filter>
128-->src\main\AndroidManifest.xml:108:13-110:29
129                <action android:name="android.intent.action.BOOT_COMPLETED" />
129-->src\main\AndroidManifest.xml:109:17-79
129-->src\main\AndroidManifest.xml:109:25-76
130            </intent-filter>
131        </receiver>
132
133        <provider
133-->[androidx.emoji2:emoji2:1.3.0] AndroidManifest.xml:24:9-32:20
134            android:name="androidx.startup.InitializationProvider"
134-->[androidx.emoji2:emoji2:1.3.0] AndroidManifest.xml:25:13-67
135            android:authorities="com.linkguard.app.androidx-startup"
135-->[androidx.emoji2:emoji2:1.3.0] AndroidManifest.xml:26:13-68
136            android:exported="false" >
136-->[androidx.emoji2:emoji2:1.3.0] AndroidManifest.xml:27:13-37
137            <meta-data
137-->[androidx.emoji2:emoji2:1.3.0] AndroidManifest.xml:29:13-31:52
138                android:name="androidx.emoji2.text.EmojiCompatInitializer"
138-->[androidx.emoji2:emoji2:1.3.0] AndroidManifest.xml:30:17-75
139                android:value="androidx.startup" />
139-->[androidx.emoji2:emoji2:1.3.0] AndroidManifest.xml:31:17-49
140            <meta-data
140-->[androidx.work:work-runtime:2.9.1] AndroidManifest.xml:34:13-36:52
141                android:name="androidx.work.WorkManagerInitializer"
141-->[androidx.work:work-runtime:2.9.1] AndroidManifest.xml:35:17-68
142                android:value="androidx.startup" />
142-->[androidx.work:work-runtime:2.9.1] AndroidManifest.xml:36:17-49
143            <meta-data
143-->[androidx.lifecycle:lifecycle-process:2.8.6] AndroidManifest.xml:29:13-31:52
144                android:name="androidx.lifecycle.ProcessLifecycleInitializer"
144-->[androidx.lifecycle:lifecycle-process:2.8.6] AndroidManifest.xml:30:17-78
145                android:value="androidx.startup" />
145-->[androidx.lifecycle:lifecycle-process:2.8.6] AndroidManifest.xml:31:17-49
146            <meta-data
146-->[androidx.profileinstaller:profileinstaller:1.3.1] AndroidManifest.xml:29:13-31:52
147                android:name="androidx.profileinstaller.ProfileInstallerInitializer"
147-->[androidx.profileinstaller:profileinstaller:1.3.1] AndroidManifest.xml:30:17-85
148                android:value="androidx.startup" />
148-->[androidx.profileinstaller:profileinstaller:1.3.1] AndroidManifest.xml:31:17-49
149        </provider>
150
151        <service
151-->[androidx.work:work-runtime:2.9.1] AndroidManifest.xml:39:9-45:35
152            android:name="androidx.work.impl.background.systemalarm.SystemAlarmService"
152-->[androidx.work:work-runtime:2.9.1] AndroidManifest.xml:40:13-88
153            android:directBootAware="false"
153-->[androidx.work:work-runtime:2.9.1] AndroidManifest.xml:41:13-44
154            android:enabled="@bool/enable_system_alarm_service_default"
154-->[androidx.work:work-runtime:2.9.1] AndroidManifest.xml:42:13-72
155            android:exported="false" />
155-->[androidx.work:work-runtime:2.9.1] AndroidManifest.xml:43:13-37
156        <service
156-->[androidx.work:work-runtime:2.9.1] AndroidManifest.xml:46:9-52:35
157            android:name="androidx.work.impl.background.systemjob.SystemJobService"
157-->[androidx.work:work-runtime:2.9.1] AndroidManifest.xml:47:13-84
158            android:directBootAware="false"
158-->[androidx.work:work-runtime:2.9.1] AndroidManifest.xml:48:13-44
159            android:enabled="@bool/enable_system_job_service_default"
159-->[androidx.work:work-runtime:2.9.1] AndroidManifest.xml:49:13-70
160            android:exported="true"
160-->[androidx.work:work-runtime:2.9.1] AndroidManifest.xml:50:13-36
161            android:permission="android.permission.BIND_JOB_SERVICE" />
161-->[androidx.work:work-runtime:2.9.1] AndroidManifest.xml:51:13-69
162        <service
162-->[androidx.work:work-runtime:2.9.1] AndroidManifest.xml:53:9-59:35
163            android:name="androidx.work.impl.foreground.SystemForegroundService"
163-->[androidx.work:work-runtime:2.9.1] AndroidManifest.xml:54:13-81
164            android:directBootAware="false"
164-->[androidx.work:work-runtime:2.9.1] AndroidManifest.xml:55:13-44
165            android:enabled="@bool/enable_system_foreground_service_default"
165-->[androidx.work:work-runtime:2.9.1] AndroidManifest.xml:56:13-77
166            android:exported="false" />
166-->[androidx.work:work-runtime:2.9.1] AndroidManifest.xml:57:13-37
167
168        <receiver
168-->[androidx.work:work-runtime:2.9.1] AndroidManifest.xml:61:9-66:35
169            android:name="androidx.work.impl.utils.ForceStopRunnable$BroadcastReceiver"
169-->[androidx.work:work-runtime:2.9.1] AndroidManifest.xml:62:13-88
170            android:directBootAware="false"
170-->[androidx.work:work-runtime:2.9.1] AndroidManifest.xml:63:13-44
171            android:enabled="true"
171-->[androidx.work:work-runtime:2.9.1] AndroidManifest.xml:64:13-35
172            android:exported="false" />
172-->[androidx.work:work-runtime:2.9.1] AndroidManifest.xml:65:13-37
173        <receiver
173-->[androidx.work:work-runtime:2.9.1] AndroidManifest.xml:67:9-77:20
174            android:name="androidx.work.impl.background.systemalarm.ConstraintProxy$BatteryChargingProxy"
174-->[androidx.work:work-runtime:2.9.1] AndroidManifest.xml:68:13-106
175            android:directBootAware="false"
175-->[androidx.work:work-runtime:2.9.1] AndroidManifest.xml:69:13-44
176            android:enabled="false"
176-->[androidx.work:work-runtime:2.9.1] AndroidManifest.xml:70:13-36
177            android:exported="false" >
177-->[androidx.work:work-runtime:2.9.1] AndroidManifest.xml:71:13-37
178            <intent-filter>
178-->[androidx.work:work-runtime:2.9.1] AndroidManifest.xml:73:13-76:29
179                <action android:name="android.intent.action.ACTION_POWER_CONNECTED" />
179-->[androidx.work:work-runtime:2.9.1] AndroidManifest.xml:74:17-87
179-->[androidx.work:work-runtime:2.9.1] AndroidManifest.xml:74:25-84
180                <action android:name="android.intent.action.ACTION_POWER_DISCONNECTED" />
180-->[androidx.work:work-runtime:2.9.1] AndroidManifest.xml:75:17-90
180-->[androidx.work:work-runtime:2.9.1] AndroidManifest.xml:75:25-87
181            </intent-filter>
182        </receiver>
183        <receiver
183-->[androidx.work:work-runtime:2.9.1] AndroidManifest.xml:78:9-88:20
184            android:name="androidx.work.impl.background.systemalarm.ConstraintProxy$BatteryNotLowProxy"
184-->[androidx.work:work-runtime:2.9.1] AndroidManifest.xml:79:13-104
185            android:directBootAware="false"
185-->[androidx.work:work-runtime:2.9.1] AndroidManifest.xml:80:13-44
186            android:enabled="false"
186-->[androidx.work:work-runtime:2.9.1] AndroidManifest.xml:81:13-36
187            android:exported="false" >
187-->[androidx.work:work-runtime:2.9.1] AndroidManifest.xml:82:13-37
188            <intent-filter>
188-->[androidx.work:work-runtime:2.9.1] AndroidManifest.xml:84:13-87:29
189                <action android:name="android.intent.action.BATTERY_OKAY" />
189-->[androidx.work:work-runtime:2.9.1] AndroidManifest.xml:85:17-77
189-->[androidx.work:work-runtime:2.9.1] AndroidManifest.xml:85:25-74
190                <action android:name="android.intent.action.BATTERY_LOW" />
190-->[androidx.work:work-runtime:2.9.1] AndroidManifest.xml:86:17-76
190-->[androidx.work:work-runtime:2.9.1] AndroidManifest.xml:86:25-73
191            </intent-filter>
192        </receiver>
193        <receiver
193-->[androidx.work:work-runtime:2.9.1] AndroidManifest.xml:89:9-99:20
194            android:name="androidx.work.impl.background.systemalarm.ConstraintProxy$StorageNotLowProxy"
194-->[androidx.work:work-runtime:2.9.1] AndroidManifest.xml:90:13-104
195            android:directBootAware="false"
195-->[androidx.work:work-runtime:2.9.1] AndroidManifest.xml:91:13-44
196            android:enabled="false"
196-->[androidx.work:work-runtime:2.9.1] AndroidManifest.xml:92:13-36
197            android:exported="false" >
197-->[androidx.work:work-runtime:2.9.1] AndroidManifest.xml:93:13-37
198            <intent-filter>
198-->[androidx.work:work-runtime:2.9.1] AndroidManifest.xml:95:13-98:29
199                <action android:name="android.intent.action.DEVICE_STORAGE_LOW" />
199-->[androidx.work:work-runtime:2.9.1] AndroidManifest.xml:96:17-83
199-->[androidx.work:work-runtime:2.9.1] AndroidManifest.xml:96:25-80
200                <action android:name="android.intent.action.DEVICE_STORAGE_OK" />
200-->[androidx.work:work-runtime:2.9.1] AndroidManifest.xml:97:17-82
200-->[androidx.work:work-runtime:2.9.1] AndroidManifest.xml:97:25-79
201            </intent-filter>
202        </receiver>
203        <receiver
203-->[androidx.work:work-runtime:2.9.1] AndroidManifest.xml:100:9-109:20
204            android:name="androidx.work.impl.background.systemalarm.ConstraintProxy$NetworkStateProxy"
204-->[androidx.work:work-runtime:2.9.1] AndroidManifest.xml:101:13-103
205            android:directBootAware="false"
205-->[androidx.work:work-runtime:2.9.1] AndroidManifest.xml:102:13-44
206            android:enabled="false"
206-->[androidx.work:work-runtime:2.9.1] AndroidManifest.xml:103:13-36
207            android:exported="false" >
207-->[androidx.work:work-runtime:2.9.1] AndroidManifest.xml:104:13-37
208            <intent-filter>
208-->[androidx.work:work-runtime:2.9.1] AndroidManifest.xml:106:13-108:29
209                <action android:name="android.net.conn.CONNECTIVITY_CHANGE" />
209-->[androidx.work:work-runtime:2.9.1] AndroidManifest.xml:107:17-79
209-->[androidx.work:work-runtime:2.9.1] AndroidManifest.xml:107:25-76
210            </intent-filter>
211        </receiver>
212        <receiver
212-->[androidx.work:work-runtime:2.9.1] AndroidManifest.xml:110:9-121:20
213            android:name="androidx.work.impl.background.systemalarm.RescheduleReceiver"
213-->[androidx.work:work-runtime:2.9.1] AndroidManifest.xml:111:13-88
214            android:directBootAware="false"
214-->[androidx.work:work-runtime:2.9.1] AndroidManifest.xml:112:13-44
215            android:enabled="false"
215-->[androidx.work:work-runtime:2.9.1] AndroidManifest.xml:113:13-36
216            android:exported="false" >
216-->[androidx.work:work-runtime:2.9.1] AndroidManifest.xml:114:13-37
217            <intent-filter>
217-->[androidx.work:work-runtime:2.9.1] AndroidManifest.xml:116:13-120:29
218                <action android:name="android.intent.action.BOOT_COMPLETED" />
218-->src\main\AndroidManifest.xml:109:17-79
218-->src\main\AndroidManifest.xml:109:25-76
219                <action android:name="android.intent.action.TIME_SET" />
219-->[androidx.work:work-runtime:2.9.1] AndroidManifest.xml:118:17-73
219-->[androidx.work:work-runtime:2.9.1] AndroidManifest.xml:118:25-70
220                <action android:name="android.intent.action.TIMEZONE_CHANGED" />
220-->[androidx.work:work-runtime:2.9.1] AndroidManifest.xml:119:17-81
220-->[androidx.work:work-runtime:2.9.1] AndroidManifest.xml:119:25-78
221            </intent-filter>
222        </receiver>
223        <receiver
223-->[androidx.work:work-runtime:2.9.1] AndroidManifest.xml:122:9-131:20
224            android:name="androidx.work.impl.background.systemalarm.ConstraintProxyUpdateReceiver"
224-->[androidx.work:work-runtime:2.9.1] AndroidManifest.xml:123:13-99
225            android:directBootAware="false"
225-->[androidx.work:work-runtime:2.9.1] AndroidManifest.xml:124:13-44
226            android:enabled="@bool/enable_system_alarm_service_default"
226-->[androidx.work:work-runtime:2.9.1] AndroidManifest.xml:125:13-72
227            android:exported="false" >
227-->[androidx.work:work-runtime:2.9.1] AndroidManifest.xml:126:13-37
228            <intent-filter>
228-->[androidx.work:work-runtime:2.9.1] AndroidManifest.xml:128:13-130:29
229                <action android:name="androidx.work.impl.background.systemalarm.UpdateProxies" />
229-->[androidx.work:work-runtime:2.9.1] AndroidManifest.xml:129:17-98
229-->[androidx.work:work-runtime:2.9.1] AndroidManifest.xml:129:25-95
230            </intent-filter>
231        </receiver>
232        <receiver
232-->[androidx.work:work-runtime:2.9.1] AndroidManifest.xml:132:9-142:20
233            android:name="androidx.work.impl.diagnostics.DiagnosticsReceiver"
233-->[androidx.work:work-runtime:2.9.1] AndroidManifest.xml:133:13-78
234            android:directBootAware="false"
234-->[androidx.work:work-runtime:2.9.1] AndroidManifest.xml:134:13-44
235            android:enabled="true"
235-->[androidx.work:work-runtime:2.9.1] AndroidManifest.xml:135:13-35
236            android:exported="true"
236-->[androidx.work:work-runtime:2.9.1] AndroidManifest.xml:136:13-36
237            android:permission="android.permission.DUMP" >
237-->[androidx.work:work-runtime:2.9.1] AndroidManifest.xml:137:13-57
238            <intent-filter>
238-->[androidx.work:work-runtime:2.9.1] AndroidManifest.xml:139:13-141:29
239                <action android:name="androidx.work.diagnostics.REQUEST_DIAGNOSTICS" />
239-->[androidx.work:work-runtime:2.9.1] AndroidManifest.xml:140:17-88
239-->[androidx.work:work-runtime:2.9.1] AndroidManifest.xml:140:25-85
240            </intent-filter>
241        </receiver>
242
243        <service
243-->[androidx.room:room-runtime:2.6.1] AndroidManifest.xml:24:9-28:63
244            android:name="androidx.room.MultiInstanceInvalidationService"
244-->[androidx.room:room-runtime:2.6.1] AndroidManifest.xml:25:13-74
245            android:directBootAware="true"
245-->[androidx.room:room-runtime:2.6.1] AndroidManifest.xml:26:13-43
246            android:exported="false" />
246-->[androidx.room:room-runtime:2.6.1] AndroidManifest.xml:27:13-37
247
248        <receiver
248-->[androidx.profileinstaller:profileinstaller:1.3.1] AndroidManifest.xml:34:9-52:20
249            android:name="androidx.profileinstaller.ProfileInstallReceiver"
249-->[androidx.profileinstaller:profileinstaller:1.3.1] AndroidManifest.xml:35:13-76
250            android:directBootAware="false"
250-->[androidx.profileinstaller:profileinstaller:1.3.1] AndroidManifest.xml:36:13-44
251            android:enabled="true"
251-->[androidx.profileinstaller:profileinstaller:1.3.1] AndroidManifest.xml:37:13-35
252            android:exported="true"
252-->[androidx.profileinstaller:profileinstaller:1.3.1] AndroidManifest.xml:38:13-36
253            android:permission="android.permission.DUMP" >
253-->[androidx.profileinstaller:profileinstaller:1.3.1] AndroidManifest.xml:39:13-57
254            <intent-filter>
254-->[androidx.profileinstaller:profileinstaller:1.3.1] AndroidManifest.xml:40:13-42:29
255                <action android:name="androidx.profileinstaller.action.INSTALL_PROFILE" />
255-->[androidx.profileinstaller:profileinstaller:1.3.1] AndroidManifest.xml:41:17-91
255-->[androidx.profileinstaller:profileinstaller:1.3.1] AndroidManifest.xml:41:25-88
256            </intent-filter>
257            <intent-filter>
257-->[androidx.profileinstaller:profileinstaller:1.3.1] AndroidManifest.xml:43:13-45:29
258                <action android:name="androidx.profileinstaller.action.SKIP_FILE" />
258-->[androidx.profileinstaller:profileinstaller:1.3.1] AndroidManifest.xml:44:17-85
258-->[androidx.profileinstaller:profileinstaller:1.3.1] AndroidManifest.xml:44:25-82
259            </intent-filter>
260            <intent-filter>
260-->[androidx.profileinstaller:profileinstaller:1.3.1] AndroidManifest.xml:46:13-48:29
261                <action android:name="androidx.profileinstaller.action.SAVE_PROFILE" />
261-->[androidx.profileinstaller:profileinstaller:1.3.1] AndroidManifest.xml:47:17-88
261-->[androidx.profileinstaller:profileinstaller:1.3.1] AndroidManifest.xml:47:25-85
262            </intent-filter>
263            <intent-filter>
263-->[androidx.profileinstaller:profileinstaller:1.3.1] AndroidManifest.xml:49:13-51:29
264                <action android:name="androidx.profileinstaller.action.BENCHMARK_OPERATION" />
264-->[androidx.profileinstaller:profileinstaller:1.3.1] AndroidManifest.xml:50:17-95
264-->[androidx.profileinstaller:profileinstaller:1.3.1] AndroidManifest.xml:50:25-92
265            </intent-filter>
266        </receiver>
267    </application>
268
269</manifest>